<?xml version="1.0" encoding="UTF-8"?>
<!-- Generated by org.testng.reporters.JUnitReportReporter -->
<testsuite hostname="LAPTOP-ADI7KS2A" failures="0" tests="3" name="seleniumbasic.Data" time="38.208" errors="0" timestamp="2022-09-15T16:23:59 IST" skipped="0">
  <testcase classname="seleniumbasic.Data" name="loginorm" time="14.129"/>
  <system-out/>
  <testcase classname="seleniumbasic.Data" name="loginorm" time="10.305"/>
  <system-out/>
  <testcase classname="seleniumbasic.Data" name="loginorm" time="13.774"/>
  <system-out/>
</testsuite> <!-- seleniumbasic.Data -->
