<?xml version="1.0" encoding="UTF-8"?>
<!-- Generated by org.testng.reporters.JUnitReportReporter -->
<testsuite hostname="LAPTOP-ADI7KS2A" failures="0" tests="3" name="seleniumbasic.DataProviders" time="33.409" errors="0" timestamp="2022-09-15T16:09:08 IST" skipped="0">
  <testcase classname="seleniumbasic.DataProviders" name="loginhrm" time="10.148"/>
  <system-out/>
  <testcase classname="seleniumbasic.DataProviders" name="loginhrm" time="13.205"/>
  <system-out/>
  <testcase classname="seleniumbasic.DataProviders" name="loginhrm" time="10.056"/>
  <system-out/>
</testsuite> <!-- seleniumbasic.DataProviders -->
